{
  "RSpec": {
    "coverage": {
      "/Users/sohamchetan/Documents/newRubyProjects/Calcualtor/lib/math.rb": [
        1,
        1,
        1
      ],
      "/Users/sohamchetan/Documents/newRubyProjects/Calcualtor/lib/math/calculator_parser.rb": [
        1,
        1,
        6,
        null,
        null,
        1,
        7,
        7,
        null,
        7,
        3,
        null,
        1,
        null,
        1,
        null,
        1,
        null,
        1,
        null,
        null,
        7,
        null,
        null,
        null,
        null
      ],
      "/Users/sohamchetan/Documents/newRubyProjects/Calcualtor/lib/math/calculator.rb": [
        null,
        null,
        1,
        1,
        10,
        null,
        null,
        1,
        7,
        null,
        null,
        1,
        2,
        null,
        null,
        1,
        2,
        null,
        null,
        1,
        2,
        null,
        null,
        1,
        1,
        null,
        null,
        null,
        null
      ],
      "/Users/sohamchetan/Documents/newRubyProjects/Calcualtor/lib/math/application.rb": [
        1,
        null,
        1,
        1,
        null,
        null,
        1,
        0,
        0,
        0,
        0,
        0,
        0,
        null,
        null,
        null,
        null,
        1,
        1,
        1,
        null,
        null,
        null,
        null
      ],
      "/Users/sohamchetan/Documents/newRubyProjects/Calcualtor/spec/math/calculator_parser_spec.rb": [
        1,
        1,
        null,
        6,
        null,
        1,
        1,
        null,
        1,
        1,
        1,
        null,
        1,
        1,
        1,
        null,
        1,
        1,
        null,
        1,
        1,
        null,
        null
      ],
      "/Users/sohamchetan/Documents/newRubyProjects/Calcualtor/spec/math/calculator_spec.rb": [
        1,
        null,
        1,
        5,
        1,
        1,
        null,
        1,
        1,
        1,
        null,
        1,
        1,
        1,
        null,
        1,
        1,
        1,
        null,
        null,
        null
      ]
    },
    "timestamp": 1422959042
  }
}
