{
  "RSpec": {
    "coverage": {
      "/Users/sohamchetan/Documents/newRubyProjects/Calculator/lib/math.rb": [
        1,
        1,
        1,
        1,
        1,
        null
      ],
      "/Users/sohamchetan/Documents/newRubyProjects/Calculator/lib/math/calculator_parser.rb": [
        null,
        1,
        null,
        1,
        null,
        null,
        1,
        1,
        null,
        1,
        1,
        null,
        1,
        null,
        null,
        null,
        null
      ],
      "/Users/sohamchetan/Documents/newRubyProjects/Calculator/lib/math/calculator.rb": [
        null,
        null,
        1,
        1,
        12,
        null,
        null,
        1,
        3,
        null,
        null,
        1,
        3,
        null,
        null,
        1,
        1,
        null,
        null,
        1,
        1,
        null,
        null,
        1,
        1,
        null,
        null,
        1,
        1,
        null,
        null,
        1,
        1,
        null,
        null,
        1,
        1,
        null,
        null,
        1,
        1,
        null,
        null,
        1,
        1,
        null,
        null,
        1,
        0,
        null,
        null,
        null,
        null
      ],
      "/Users/sohamchetan/Documents/newRubyProjects/Calculator/lib/math/application.rb": [
        null,
        1,
        null,
        1,
        1,
        null,
        null,
        null,
        1,
        null,
        0,
        null,
        null,
        null,
        0,
        0,
        0,
        0,
        null,
        0,
        null,
        null,
        null,
        1,
        1,
        1,
        1,
        null,
        null,
        null,
        null
      ],
      "/Users/sohamchetan/Documents/newRubyProjects/Calculator/lib/math/dispatch.rb": [
        null,
        null,
        null,
        null,
        null,
        null,
        null,
        null,
        null,
        null,
        null,
        null,
        null,
        null,
        null,
        null,
        null,
        null,
        null,
        null,
        null,
        null,
        null,
        null,
        null,
        null,
        null,
        null,
        null,
        null,
        null,
        null,
        null,
        null,
        null,
        null,
        null,
        null,
        null,
        null,
        null,
        null,
        null,
        null,
        null,
        null,
        null,
        null,
        null,
        null,
        null,
        null,
        null,
        null,
        null,
        null,
        null
      ],
      "/Users/sohamchetan/Documents/newRubyProjects/Calculator/lib/math/add_command.rb": [
        1,
        null,
        1,
        2,
        null,
        null,
        1,
        1,
        null,
        null,
        null
      ],
      "/Users/sohamchetan/Documents/newRubyProjects/Calculator/spec/math/application_spec.rb": [
        1,
        1,
        null,
        null,
        1,
        null,
        1,
        2,
        2,
        1,
        null,
        1,
        1,
        null,
        null,
        null,
        null,
        null
      ],
      "/Users/sohamchetan/Documents/newRubyProjects/Calculator/spec/math/calculator_parser_spec.rb": [
        1,
        null,
        1,
        2,
        1,
        1,
        null,
        null
      ],
      "/Users/sohamchetan/Documents/newRubyProjects/Calculator/spec/math/calculator_spec.rb": [
        1,
        null,
        1,
        11,
        null,
        1,
        1,
        null,
        1,
        1,
        null,
        1,
        1,
        null,
        1,
        1,
        null,
        1,
        1,
        null,
        1,
        1,
        null,
        1,
        1,
        1,
        null,
        1,
        1,
        null,
        1,
        1,
        1,
        null,
        1,
        1,
        1,
        null,
        null
      ],
      "/Users/sohamchetan/Documents/newRubyProjects/Calculator/spec/math/dispatch_spec.rb": [
        null,
        null,
        null,
        null,
        null,
        null,
        null,
        null,
        null,
        null,
        null,
        null,
        null,
        null,
        null,
        null,
        null,
        null,
        null,
        null,
        null,
        null,
        null,
        null,
        null,
        null,
        null,
        null,
        null,
        null,
        null,
        null,
        null,
        null,
        null,
        null,
        null,
        null,
        null,
        null,
        null,
        null,
        null,
        null,
        null,
        null,
        null,
        null,
        null,
        null,
        null,
        null,
        null,
        null
      ]
    },
    "timestamp": 1423049547
  }
}
